<?xml version="1.0" encoding="UTF-8"?>
<!-- Generated by org.testng.reporters.JUnitReportReporter -->
<testsuite hostname="PUNHWD11949" name="objRepPractice.XmlExp" tests="1" failures="0" timestamp="28 Nov 2018 13:51:07 GMT" time="3.917" errors="0">
  <testcase name="mytest" time="3.917" classname="objRepPractice.XmlExp"/>
</testsuite> <!-- objRepPractice.XmlExp -->
