<?xml version="1.0" encoding="UTF-8"?>
<!-- Generated by org.testng.reporters.JUnitReportReporter -->
<testsuite hostname="PUNHWD11949" name="objRepPractice.ObjProp" tests="1" failures="0" timestamp="28 Nov 2018 14:21:39 GMT" time="5.899" errors="0">
  <testcase name="mytest" time="5.899" classname="objRepPractice.ObjProp"/>
</testsuite> <!-- objRepPractice.ObjProp -->
