<?xml version="1.0" encoding="UTF-8"?>
<!-- Generated by org.testng.reporters.JUnitReportReporter -->
<testsuite hostname="PUNHWD11949" name="Testing.Kuchbhi" tests="1" failures="0" timestamp="28 Nov 2018 09:46:28 GMT" time="4.954" errors="0">
  <testcase name="f" time="4.954" classname="Testing.Kuchbhi"/>
</testsuite> <!-- Testing.Kuchbhi -->
